Info: Starting: Create block symbol file (.bsf)
Info: ip-generate --project-directory=C:/Users/danny/Documents/GitHub/Project2/ --output-directory=C:/Users/danny/Documents/GitHub/Project2/nios_system/ --report-file=bsf:C:/Users/danny/Documents/GitHub/Project2/nios_system.bsf --system-info=DEVICE_FAMILY="Cyclone II" --system-info=DEVICE=EP2C35F672C6 --system-info=DEVICE_SPEEDGRADE=6 --component-file=C:/Users/danny/Documents/GitHub/Project2/nios_system.qsys
Progress: Loading Project2/nios_system.qsys
Progress: Reading input file
Progress: Adding clk_0 [clock_source 12.0]
Progress: Parameterizing module clk_0
Progress: Adding nios2_processor [altera_nios2_qsys 12.0]
Progress: Parameterizing module nios2_processor
Progress: Adding jtag_uart [altera_avalon_jtag_uart 12.0]
Progress: Parameterizing module jtag_uart
Progress: Adding sdram [altera_avalon_new_sdram_controller 12.0]
Progress: Parameterizing module sdram
Progress: Adding timer [altera_avalon_timer 12.0]
Progress: Parameterizing module timer
Progress: Adding clocks [altera_up_clocks 12.0]
Progress: Parameterizing module clocks
Progress: Adding timestamp [altera_avalon_timer 12.0]
Progress: Parameterizing module timestamp
Progress: Adding pixel_buffer [altera_up_avalon_sram 12.0]
Progress: Parameterizing module pixel_buffer
Progress: Adding pixel_buffer_dma_0 [altera_up_avalon_video_pixel_buffer_dma 12.0]
Progress: Parameterizing module pixel_buffer_dma_0
Progress: Adding rgb_resampler [altera_up_avalon_video_rgb_resampler 12.0]
Progress: Parameterizing module rgb_resampler
Progress: Adding scaler [altera_up_avalon_video_scaler 12.0]
Progress: Parameterizing module scaler
Progress: Adding video_fifo [altera_up_avalon_video_dual_clock_buffer 12.0]
Progress: Parameterizing module video_fifo
Progress: Adding vga_controller [altera_up_avalon_video_vga_controller 12.0]
Progress: Parameterizing module vga_controller
Progress: Adding char_drawer [altera_up_avalon_video_character_buffer_with_dma 12.0]
Progress: Parameterizing module char_drawer
Progress: Adding alpha_blender [altera_up_avalon_video_alpha_blender 12.0]
Progress: Parameterizing module alpha_blender
Progress: Adding leds [altera_avalon_pio 12.0]
Progress: Parameterizing module leds
Progress: Adding SD_Card [Altera_UP_SD_Card_Avalon_Interface 1.0]
Progress: Parameterizing module SD_Card
Progress: Adding onchip_memory2_0 [altera_avalon_onchip_memory2 12.0]
Progress: Parameterizing module onchip_memory2_0
Progress: Adding Keys [altera_avalon_pio 12.0]
Progress: Parameterizing module Keys
Progress: Adding Switches [altera_avalon_pio 12.0]
Progress: Parameterizing module Switches
Progress: Adding audio_and_video_config_0 [altera_up_avalon_audio_and_video_config 12.0]
Progress: Parameterizing module audio_and_video_config_0
Progress: Adding up_clocks_0 [altera_up_clocks 12.0]
Progress: Parameterizing module up_clocks_0
Progress: Adding audio [altera_up_avalon_audio 12.0]
Progress: Parameterizing module audio
Progress: Adding LEDR [altera_avalon_pio 12.0]
Progress: Parameterizing module LEDR
Progress: Adding ps2_0 [altera_up_avalon_ps2 12.0]
Progress: Parameterizing module ps2_0
Progress: Adding hex0 [altera_avalon_pio 12.0]
Progress: Parameterizing module hex0
Progress: Adding hex1 [altera_avalon_pio 12.0]
Progress: Parameterizing module hex1
Progress: Adding hex2 [altera_avalon_pio 12.0]
Progress: Parameterizing module hex2
Progress: Adding hex3 [altera_avalon_pio 12.0]
Progress: Parameterizing module hex3
Progress: Adding hex4 [altera_avalon_pio 12.0]
Progress: Parameterizing module hex4
Progress: Adding pio_5 [altera_avalon_pio 12.0]
Progress: Parameterizing module pio_5
Progress: Adding character_lcd_0 [altera_up_avalon_character_lcd 12.0]
Progress: Parameterizing module character_lcd_0
Progress: Adding rs232_0 [altera_up_avalon_rs232 12.0]
Progress: Parameterizing module rs232_0
Progress: Building connections
Progress: Parameterizing connections
Progress: Validating
Progress: Done reading input file
Info: nios_system.rgb_resampler: RGB Resampling: 16 (bits) x 1 (planes) -> 10 (bits) x 3 (planes)
Info: nios_system.scaler: Change in Resolution: 320 x 240 -> 640 x 480
Info: nios_system.vga_controller: Video Output Stream: Format: 640 x 480 with Color: 10 (bits) x 3 (planes)
Info: nios_system.char_drawer: Character Resolution: 80 x 60
Info: nios_system.Keys: PIO inputs are not hardwired in test bench. Undefined values will be read from PIO inputs during simulation.
Info: nios_system.Switches: PIO inputs are not hardwired in test bench. Undefined values will be read from PIO inputs during simulation.
Info: ip-generate succeeded.
Info: Finished: Create block symbol file (.bsf)
Info: 
Info: Starting: Create HDL design files for synthesis
Info: ip-generate --project-directory=C:/Users/danny/Documents/GitHub/Project2/ --output-directory=C:/Users/danny/Documents/GitHub/Project2/nios_system/synthesis/ --file-set=QUARTUS_SYNTH --report-file=sopcinfo:C:/Users/danny/Documents/GitHub/Project2/nios_system.sopcinfo --report-file=html:C:/Users/danny/Documents/GitHub/Project2/nios_system.html --report-file=qip:C:/Users/danny/Documents/GitHub/Project2/nios_system/synthesis/nios_system.qip --system-info=DEVICE_FAMILY="Cyclone II" --system-info=DEVICE=EP2C35F672C6 --system-info=DEVICE_SPEEDGRADE=6 --component-file=C:/Users/danny/Documents/GitHub/Project2/nios_system.qsys
Progress: Loading Project2/nios_system.qsys
Progress: Reading input file
Progress: Adding clk_0 [clock_source 12.0]
Progress: Parameterizing module clk_0
Progress: Adding nios2_processor [altera_nios2_qsys 12.0]
Progress: Parameterizing module nios2_processor
Progress: Adding jtag_uart [altera_avalon_jtag_uart 12.0]
Progress: Parameterizing module jtag_uart
Progress: Adding sdram [altera_avalon_new_sdram_controller 12.0]
Progress: Parameterizing module sdram
Progress: Adding timer [altera_avalon_timer 12.0]
Progress: Parameterizing module timer
Progress: Adding clocks [altera_up_clocks 12.0]
Progress: Parameterizing module clocks
Progress: Adding timestamp [altera_avalon_timer 12.0]
Progress: Parameterizing module timestamp
Progress: Adding pixel_buffer [altera_up_avalon_sram 12.0]
Progress: Parameterizing module pixel_buffer
Progress: Adding pixel_buffer_dma_0 [altera_up_avalon_video_pixel_buffer_dma 12.0]
Progress: Parameterizing module pixel_buffer_dma_0
Progress: Adding rgb_resampler [altera_up_avalon_video_rgb_resampler 12.0]
Progress: Parameterizing module rgb_resampler
Progress: Adding scaler [altera_up_avalon_video_scaler 12.0]
Progress: Parameterizing module scaler
Progress: Adding video_fifo [altera_up_avalon_video_dual_clock_buffer 12.0]
Progress: Parameterizing module video_fifo
Progress: Adding vga_controller [altera_up_avalon_video_vga_controller 12.0]
Progress: Parameterizing module vga_controller
Progress: Adding char_drawer [altera_up_avalon_video_character_buffer_with_dma 12.0]
Progress: Parameterizing module char_drawer
Progress: Adding alpha_blender [altera_up_avalon_video_alpha_blender 12.0]
Progress: Parameterizing module alpha_blender
Progress: Adding leds [altera_avalon_pio 12.0]
Progress: Parameterizing module leds
Progress: Adding SD_Card [Altera_UP_SD_Card_Avalon_Interface 1.0]
Progress: Parameterizing module SD_Card
Progress: Adding onchip_memory2_0 [altera_avalon_onchip_memory2 12.0]
Progress: Parameterizing module onchip_memory2_0
Progress: Adding Keys [altera_avalon_pio 12.0]
Progress: Parameterizing module Keys
Progress: Adding Switches [altera_avalon_pio 12.0]
Progress: Parameterizing module Switches
Progress: Adding audio_and_video_config_0 [altera_up_avalon_audio_and_video_config 12.0]
Progress: Parameterizing module audio_and_video_config_0
Progress: Adding up_clocks_0 [altera_up_clocks 12.0]
Progress: Parameterizing module up_clocks_0
Progress: Adding audio [altera_up_avalon_audio 12.0]
Progress: Parameterizing module audio
Progress: Adding LEDR [altera_avalon_pio 12.0]
Progress: Parameterizing module LEDR
Progress: Adding ps2_0 [altera_up_avalon_ps2 12.0]
Progress: Parameterizing module ps2_0
Progress: Adding hex0 [altera_avalon_pio 12.0]
Progress: Parameterizing module hex0
Progress: Adding hex1 [altera_avalon_pio 12.0]
Progress: Parameterizing module hex1
Progress: Adding hex2 [altera_avalon_pio 12.0]
Progress: Parameterizing module hex2
Progress: Adding hex3 [altera_avalon_pio 12.0]
Progress: Parameterizing module hex3
Progress: Adding hex4 [altera_avalon_pio 12.0]
Progress: Parameterizing module hex4
Progress: Adding pio_5 [altera_avalon_pio 12.0]
Progress: Parameterizing module pio_5
Progress: Adding character_lcd_0 [altera_up_avalon_character_lcd 12.0]
Progress: Parameterizing module character_lcd_0
Progress: Adding rs232_0 [altera_up_avalon_rs232 12.0]
Progress: Parameterizing module rs232_0
Progress: Building connections
Progress: Parameterizing connections
Progress: Validating
Progress: Done reading input file
Info: nios_system.rgb_resampler: RGB Resampling: 16 (bits) x 1 (planes) -> 10 (bits) x 3 (planes)
Info: nios_system.scaler: Change in Resolution: 320 x 240 -> 640 x 480
Info: nios_system.vga_controller: Video Output Stream: Format: 640 x 480 with Color: 10 (bits) x 3 (planes)
Info: nios_system.char_drawer: Character Resolution: 80 x 60
Info: nios_system.Keys: PIO inputs are not hardwired in test bench. Undefined values will be read from PIO inputs during simulation.
Info: nios_system.Switches: PIO inputs are not hardwired in test bench. Undefined values will be read from PIO inputs during simulation.
Info: nios_system: Generating nios_system "nios_system" for QUARTUS_SYNTH
Info: pipeline_bridge_swap_transform: After transform: 30 modules, 130 connections
Info: No custom instruction connections, skipping transform 
Info: merlin_translator_transform: After transform: 57 modules, 237 connections
Info: merlin_domain_transform: After transform: 109 modules, 594 connections
Info: merlin_router_transform: After transform: 136 modules, 701 connections
Info: merlin_traffic_limiter_transform: After transform: 138 modules, 711 connections
Info: merlin_burst_transform: After transform: 142 modules, 727 connections
Info: reset_adaptation_transform: After transform: 146 modules, 576 connections
Info: merlin_network_to_switch_transform: After transform: 199 modules, 684 connections
Info: merlin_width_transform: After transform: 209 modules, 714 connections
Info: limiter_update_transform: After transform: 209 modules, 716 connections
Info: merlin_interrupt_mapper_transform: After transform: 210 modules, 719 connections
Info: nios2_processor: Starting RTL generation for module 'nios_system_nios2_processor'
Info: nios2_processor:   Generation command is [exec C:/altera/12.0sp2/quartus/../ip/altera/nios2_ip/altera_nios2/eperl.exe -I C:/altera/12.0sp2/quartus/common/ip/altera/common/perl/5.8.3 -I C:/altera/12.0sp2/quartus/sopc_builder/bin/europa -I C:/altera/12.0sp2/quartus/sopc_builder/bin/perl_lib -I C:/altera/12.0sp2/quartus/sopc_builder/bin -I C:/altera/12.0sp2/quartus/../ip/altera/nios2_ip/altera_nios2/cpu_lib -I C:/altera/12.0sp2/quartus/../ip/altera/nios2_ip/altera_nios2/nios_lib -I C:/altera/12.0sp2/quartus/../ip/altera/nios2_ip/altera_nios2 -I C:/altera/12.0sp2/quartus/../ip/altera/nios2_ip/altera_nios2 -- C:/altera/12.0sp2/quartus/../ip/altera/nios2_ip/altera_nios2/generate_rtl.epl --name=nios_system_nios2_processor --dir=C:/Users/danny/AppData/Local/Temp/alt5765_132305806265362825.dir/0003_nios2_processor_gen/ --quartus_dir=C:/altera/12.0sp2/quartus --verilog --config=C:/Users/danny/AppData/Local/Temp/alt5765_132305806265362825.dir/0003_nios2_processor_gen//nios_system_nios2_processor_processor_configuration.pl  --do_build_sim=0    --bogus  ]
Info: nios2_processor: # 2013.02.28 22:28:58 (*) Starting Nios II generation
Info: nios2_processor: # 2013.02.28 22:28:58 (*)   Checking for encrypted license (non-evaluation).
Info: nios2_processor: # 2013.02.28 22:28:58 (*)   Couldn't query license setup in Quartus directory C:/altera/12.0sp2/quartus
Info: nios2_processor: # 2013.02.28 22:28:58 (*)   Defaulting to contents of LM_LICENSE_FILE environment variable
Info: nios2_processor: # 2013.02.28 22:28:58 (*)   LM_LICENSE_FILE environment variable is empty
Info: nios2_processor: # 2013.02.28 22:28:58 (*)   Encrypted license not found.  Defaulting to OCP evaluation license (produces a time-limited SOF)
Info: nios2_processor: # 2013.02.28 22:28:58 (*)   Elaborating CPU configuration settings
Info: nios2_processor: # 2013.02.28 22:28:58 (*)   Creating all objects for CPU
Info: nios2_processor: # 2013.02.28 22:28:58 (*)     Testbench
Info: nios2_processor: # 2013.02.28 22:28:58 (*)     Instruction decoding
Info: nios2_processor: # 2013.02.28 22:28:58 (*)       Instruction fields
Info: nios2_processor: # 2013.02.28 22:28:59 (*)       Instruction decodes
Info: nios2_processor: # 2013.02.28 22:28:59 (*)       Signals for RTL simulation waveforms
Info: nios2_processor: # 2013.02.28 22:28:59 (*)       Instruction controls
Info: nios2_processor: # 2013.02.28 22:28:59 (*)     Pipeline frontend
Info: nios2_processor: # 2013.02.28 22:28:59 (*)     Pipeline backend
Info: nios2_processor: # 2013.02.28 22:29:03 (*)   Generating RTL from CPU objects
Info: nios2_processor: # 2013.02.28 22:29:05 (*)   Creating encrypted RTL
Info: nios2_processor: # 2013.02.28 22:29:07 (*) Done Nios II generation
Info: nios2_processor: Done RTL generation for module 'nios_system_nios2_processor'
Info: nios2_processor: "nios_system" instantiated altera_nios2_qsys "nios2_processor"
Info: Starting classic module elaboration.
"c:/altera/12.0sp2/quartus/bin/jre/bin/java.exe" -Xmx512M -classpath "c:/altera/12.0sp2/quartus/sopc_builder/bin/sopc_builder.jar;c:/altera/12.0sp2/quartus/sopc_builder/bin/PinAssigner.jar;c:/altera/12.0sp2/quartus/sopc_builder/bin/sopc_wizard.jar;c:/altera/12.0sp2/quartus/sopc_builder/bin/jptf.jar" sopc_builder.sopc_builder  -d"c:/altera/12.0sp2/quartus/sopc_builder" -notalkback=1 -projectnameyysystem.qpf -projectpathC:/Users/danny/AppData/Local/Temp/alt5765_132305806265362825.dir/0004_sopclgen  --no_splash --refresh C:/Users/danny/AppData/Local/Temp/alt5765_132305806265362825.dir/0004_sopclgen/yysystem.v --quartus_dir="c:/altera/12.0sp2/quartus" --sopc_perl="c:/altera/12.0sp2/quartus/bin/perl" --sopc_lib_path="++c:/altera/12.0sp2/quartus/../ip/altera/sopc_builder_ip+c:/altera/12.0sp2/quartus/../ip/altera/nios2_ip"
Info: Finished elaborating classic module.
Executing: C:/altera/12.0sp2/quartus//sopc_builder/bin/sopc_builder --classic --generate C:/Users/danny/AppData/Local/Temp/alt5765_132305806265362825.dir/0004_sopclgen/yysystem.ptf
Info: Running sopc_builder...
"c:/altera/12.0sp2/quartus/bin/jre/bin/java.exe" -Xmx512M -classpath "c:/altera/12.0sp2/quartus/sopc_builder/bin/sopc_builder.jar;c:/altera/12.0sp2/quartus/sopc_builder/bin/PinAssigner.jar;c:/altera/12.0sp2/quartus/sopc_builder/bin/sopc_wizard.jar;c:/altera/12.0sp2/quartus/sopc_builder/bin/jptf.jar" sopc_builder.sopc_builder  -d"c:/altera/12.0sp2/quartus/sopc_builder" -notalkback=1 -projectnameyysystem.qpf -projectpathC:/Users/danny/AppData/Local/Temp/alt5765_132305806265362825.dir/0004_sopclgen  --generate C:/Users/danny/AppData/Local/Temp/alt5765_132305806265362825.dir/0004_sopclgen/yysystem.v --quartus_dir="c:/altera/12.0sp2/quartus" --sopc_perl="c:/altera/12.0sp2/quartus/bin/perl" --sopc_lib_path="++c:/altera/12.0sp2/quartus/../ip/altera/sopc_builder_ip+c:/altera/12.0sp2/quartus/../ip/altera/nios2_ip"
No .sopc_builder configuration file(!)
.
# 2013.02.28 22:29:14 (*) Success: sopc_builder finished.
Info: jtag_uart: "nios_system" instantiated altera_avalon_jtag_uart "jtag_uart"
Info: Starting classic module elaboration.
"c:/altera/12.0sp2/quartus/bin/jre/bin/java.exe" -Xmx512M -classpath "c:/altera/12.0sp2/quartus/sopc_builder/bin/sopc_builder.jar;c:/altera/12.0sp2/quartus/sopc_builder/bin/PinAssigner.jar;c:/altera/12.0sp2/quartus/sopc_builder/bin/sopc_wizard.jar;c:/altera/12.0sp2/quartus/sopc_builder/bin/jptf.jar" sopc_builder.sopc_builder  -d"c:/altera/12.0sp2/quartus/sopc_builder" -notalkback=1 -projectnameyysystem.qpf -projectpathC:/Users/danny/AppData/Local/Temp/alt5765_132305806265362825.dir/0005_sopclgen  --no_splash --refresh C:/Users/danny/AppData/Local/Temp/alt5765_132305806265362825.dir/0005_sopclgen/yysystem.v --quartus_dir="c:/altera/12.0sp2/quartus" --sopc_perl="c:/altera/12.0sp2/quartus/bin/perl" --sopc_lib_path="++c:/altera/12.0sp2/quartus/../ip/altera/sopc_builder_ip+c:/altera/12.0sp2/quartus/../ip/altera/nios2_ip"
Info: Finished elaborating classic module.
Executing: C:/altera/12.0sp2/quartus//sopc_builder/bin/sopc_builder --classic --generate C:/Users/danny/AppData/Local/Temp/alt5765_132305806265362825.dir/0005_sopclgen/yysystem.ptf
Info: Running sopc_builder...
"c:/altera/12.0sp2/quartus/bin/jre/bin/java.exe" -Xmx512M -classpath "c:/altera/12.0sp2/quartus/sopc_builder/bin/sopc_builder.jar;c:/altera/12.0sp2/quartus/sopc_builder/bin/PinAssigner.jar;c:/altera/12.0sp2/quartus/sopc_builder/bin/sopc_wizard.jar;c:/altera/12.0sp2/quartus/sopc_builder/bin/jptf.jar" sopc_builder.sopc_builder  -d"c:/altera/12.0sp2/quartus/sopc_builder" -notalkback=1 -projectnameyysystem.qpf -projectpathC:/Users/danny/AppData/Local/Temp/alt5765_132305806265362825.dir/0005_sopclgen  --generate C:/Users/danny/AppData/Local/Temp/alt5765_132305806265362825.dir/0005_sopclgen/yysystem.v --quartus_dir="c:/altera/12.0sp2/quartus" --sopc_perl="c:/altera/12.0sp2/quartus/bin/perl" --sopc_lib_path="++c:/altera/12.0sp2/quartus/../ip/altera/sopc_builder_ip+c:/altera/12.0sp2/quartus/../ip/altera/nios2_ip"
No .sopc_builder configuration file(!)
.
.
# 2013.02.28 22:29:22 (*) Running Test Generator Program for nios_system_sdram
# 2013.02.28 22:29:24 (*) Success: sopc_builder finished.
Info: sdram: "nios_system" instantiated altera_avalon_new_sdram_controller "sdram"
Info: Starting classic module elaboration.
"c:/altera/12.0sp2/quartus/bin/jre/bin/java.exe" -Xmx512M -classpath "c:/altera/12.0sp2/quartus/sopc_builder/bin/sopc_builder.jar;c:/altera/12.0sp2/quartus/sopc_builder/bin/PinAssigner.jar;c:/altera/12.0sp2/quartus/sopc_builder/bin/sopc_wizard.jar;c:/altera/12.0sp2/quartus/sopc_builder/bin/jptf.jar" sopc_builder.sopc_builder  -d"c:/altera/12.0sp2/quartus/sopc_builder" -notalkback=1 -projectnameyysystem.qpf -projectpathC:/Users/danny/AppData/Local/Temp/alt5765_132305806265362825.dir/0006_sopclgen  --no_splash --refresh C:/Users/danny/AppData/Local/Temp/alt5765_132305806265362825.dir/0006_sopclgen/yysystem.v --quartus_dir="c:/altera/12.0sp2/quartus" --sopc_perl="c:/altera/12.0sp2/quartus/bin/perl" --sopc_lib_path="++c:/altera/12.0sp2/quartus/../ip/altera/sopc_builder_ip+c:/altera/12.0sp2/quartus/../ip/altera/nios2_ip"
Info: Finished elaborating classic module.
Executing: C:/altera/12.0sp2/quartus//sopc_builder/bin/sopc_builder --classic --generate C:/Users/danny/AppData/Local/Temp/alt5765_132305806265362825.dir/0006_sopclgen/yysystem.ptf
Info: Running sopc_builder...
"c:/altera/12.0sp2/quartus/bin/jre/bin/java.exe" -Xmx512M -classpath "c:/altera/12.0sp2/quartus/sopc_builder/bin/sopc_builder.jar;c:/altera/12.0sp2/quartus/sopc_builder/bin/PinAssigner.jar;c:/altera/12.0sp2/quartus/sopc_builder/bin/sopc_wizard.jar;c:/altera/12.0sp2/quartus/sopc_builder/bin/jptf.jar" sopc_builder.sopc_builder  -d"c:/altera/12.0sp2/quartus/sopc_builder" -notalkback=1 -projectnameyysystem.qpf -projectpathC:/Users/danny/AppData/Local/Temp/alt5765_132305806265362825.dir/0006_sopclgen  --generate C:/Users/danny/AppData/Local/Temp/alt5765_132305806265362825.dir/0006_sopclgen/yysystem.v --quartus_dir="c:/altera/12.0sp2/quartus" --sopc_perl="c:/altera/12.0sp2/quartus/bin/perl" --sopc_lib_path="++c:/altera/12.0sp2/quartus/../ip/altera/sopc_builder_ip+c:/altera/12.0sp2/quartus/../ip/altera/nios2_ip"
No .sopc_builder configuration file(!)
.
# 2013.02.28 22:29:32 (*) Success: sopc_builder finished.
Info: timer: "nios_system" instantiated altera_avalon_timer "timer"
Info: clocks: Starting Generation of Required Clocks for DE-Series Boards
Info: clocks: "nios_system" instantiated altera_up_clocks "clocks"
Info: pixel_buffer: Starting Generation of SRAM or SSRAM Controller
Info: pixel_buffer: "nios_system" instantiated altera_up_avalon_sram "pixel_buffer"
Info: pixel_buffer_dma_0: Starting Generation of VGA Pixel Buffer
Info: pixel_buffer_dma_0: "nios_system" instantiated altera_up_avalon_video_pixel_buffer_dma "pixel_buffer_dma_0"
Info: rgb_resampler: Starting Generation of Video RGB Resampler
Info: rgb_resampler: "nios_system" instantiated altera_up_avalon_video_rgb_resampler "rgb_resampler"
Info: scaler: Starting Generation of Video Scaler
Info: scaler: "nios_system" instantiated altera_up_avalon_video_scaler "scaler"
Info: video_fifo: Starting Generation of the Dual Clock Buffer
Info: video_fifo: "nios_system" instantiated altera_up_avalon_video_dual_clock_buffer "video_fifo"
Info: vga_controller: Starting Generation of VGA Controller
Info: vga_controller: "nios_system" instantiated altera_up_avalon_video_vga_controller "vga_controller"
Info: char_drawer: Starting Generation of Character Buffer
Info: char_drawer: "nios_system" instantiated altera_up_avalon_video_character_buffer_with_dma "char_drawer"
Info: alpha_blender: Starting Generation of the Alpha Blender
Info: alpha_blender: "nios_system" instantiated altera_up_avalon_video_alpha_blender "alpha_blender"
Info: Starting classic module elaboration.
"c:/altera/12.0sp2/quartus/bin/jre/bin/java.exe" -Xmx512M -classpath "c:/altera/12.0sp2/quartus/sopc_builder/bin/sopc_builder.jar;c:/altera/12.0sp2/quartus/sopc_builder/bin/PinAssigner.jar;c:/altera/12.0sp2/quartus/sopc_builder/bin/sopc_wizard.jar;c:/altera/12.0sp2/quartus/sopc_builder/bin/jptf.jar" sopc_builder.sopc_builder  -d"c:/altera/12.0sp2/quartus/sopc_builder" -notalkback=1 -projectnameyysystem.qpf -projectpathC:/Users/danny/AppData/Local/Temp/alt5765_132305806265362825.dir/0016_sopclgen  --no_splash --refresh C:/Users/danny/AppData/Local/Temp/alt5765_132305806265362825.dir/0016_sopclgen/yysystem.v --quartus_dir="c:/altera/12.0sp2/quartus" --sopc_perl="c:/altera/12.0sp2/quartus/bin/perl" --sopc_lib_path="++c:/altera/12.0sp2/quartus/../ip/altera/sopc_builder_ip+c:/altera/12.0sp2/quartus/../ip/altera/nios2_ip"
Info: Finished elaborating classic module.
Executing: C:/altera/12.0sp2/quartus//sopc_builder/bin/sopc_builder --classic --generate C:/Users/danny/AppData/Local/Temp/alt5765_132305806265362825.dir/0016_sopclgen/yysystem.ptf
Info: Running sopc_builder...
"c:/altera/12.0sp2/quartus/bin/jre/bin/java.exe" -Xmx512M -classpath "c:/altera/12.0sp2/quartus/sopc_builder/bin/sopc_builder.jar;c:/altera/12.0sp2/quartus/sopc_builder/bin/PinAssigner.jar;c:/altera/12.0sp2/quartus/sopc_builder/bin/sopc_wizard.jar;c:/altera/12.0sp2/quartus/sopc_builder/bin/jptf.jar" sopc_builder.sopc_builder  -d"c:/altera/12.0sp2/quartus/sopc_builder" -notalkback=1 -projectnameyysystem.qpf -projectpathC:/Users/danny/AppData/Local/Temp/alt5765_132305806265362825.dir/0016_sopclgen  --generate C:/Users/danny/AppData/Local/Temp/alt5765_132305806265362825.dir/0016_sopclgen/yysystem.v --quartus_dir="c:/altera/12.0sp2/quartus" --sopc_perl="c:/altera/12.0sp2/quartus/bin/perl" --sopc_lib_path="++c:/altera/12.0sp2/quartus/../ip/altera/sopc_builder_ip+c:/altera/12.0sp2/quartus/../ip/altera/nios2_ip"
No .sopc_builder configuration file(!)
.
# 2013.02.28 22:29:40 (*) Success: sopc_builder finished.
Info: leds: "nios_system" instantiated altera_avalon_pio "leds"
Info: SD_Card: "nios_system" instantiated Altera_UP_SD_Card_Avalon_Interface "SD_Card"
Info: Starting classic module elaboration.
"c:/altera/12.0sp2/quartus/bin/jre/bin/java.exe" -Xmx512M -classpath "c:/altera/12.0sp2/quartus/sopc_builder/bin/sopc_builder.jar;c:/altera/12.0sp2/quartus/sopc_builder/bin/PinAssigner.jar;c:/altera/12.0sp2/quartus/sopc_builder/bin/sopc_wizard.jar;c:/altera/12.0sp2/quartus/sopc_builder/bin/jptf.jar" sopc_builder.sopc_builder  -d"c:/altera/12.0sp2/quartus/sopc_builder" -notalkback=1 -projectnameyysystem.qpf -projectpathC:/Users/danny/AppData/Local/Temp/alt5765_132305806265362825.dir/0017_sopclgen  --no_splash --refresh C:/Users/danny/AppData/Local/Temp/alt5765_132305806265362825.dir/0017_sopclgen/yysystem.v --quartus_dir="c:/altera/12.0sp2/quartus" --sopc_perl="c:/altera/12.0sp2/quartus/bin/perl" --sopc_lib_path="++c:/altera/12.0sp2/quartus/../ip/altera/sopc_builder_ip+c:/altera/12.0sp2/quartus/../ip/altera/nios2_ip"
Info: Finished elaborating classic module.
Executing: C:/altera/12.0sp2/quartus//sopc_builder/bin/sopc_builder --classic --generate C:/Users/danny/AppData/Local/Temp/alt5765_132305806265362825.dir/0017_sopclgen/yysystem.ptf
Info: Running sopc_builder...
"c:/altera/12.0sp2/quartus/bin/jre/bin/java.exe" -Xmx512M -classpath "c:/altera/12.0sp2/quartus/sopc_builder/bin/sopc_builder.jar;c:/altera/12.0sp2/quartus/sopc_builder/bin/PinAssigner.jar;c:/altera/12.0sp2/quartus/sopc_builder/bin/sopc_wizard.jar;c:/altera/12.0sp2/quartus/sopc_builder/bin/jptf.jar" sopc_builder.sopc_builder  -d"c:/altera/12.0sp2/quartus/sopc_builder" -notalkback=1 -projectnameyysystem.qpf -projectpathC:/Users/danny/AppData/Local/Temp/alt5765_132305806265362825.dir/0017_sopclgen  --generate C:/Users/danny/AppData/Local/Temp/alt5765_132305806265362825.dir/0017_sopclgen/yysystem.v --quartus_dir="c:/altera/12.0sp2/quartus" --sopc_perl="c:/altera/12.0sp2/quartus/bin/perl" --sopc_lib_path="++c:/altera/12.0sp2/quartus/../ip/altera/sopc_builder_ip+c:/altera/12.0sp2/quartus/../ip/altera/nios2_ip"
No .sopc_builder configuration file(!)
.
# 2013.02.28 22:29:48 (*) Success: sopc_builder finished.
Info: Keys: "nios_system" instantiated altera_avalon_pio "Keys"
Info: Starting classic module elaboration.
"c:/altera/12.0sp2/quartus/bin/jre/bin/java.exe" -Xmx512M -classpath "c:/altera/12.0sp2/quartus/sopc_builder/bin/sopc_builder.jar;c:/altera/12.0sp2/quartus/sopc_builder/bin/PinAssigner.jar;c:/altera/12.0sp2/quartus/sopc_builder/bin/sopc_wizard.jar;c:/altera/12.0sp2/quartus/sopc_builder/bin/jptf.jar" sopc_builder.sopc_builder  -d"c:/altera/12.0sp2/quartus/sopc_builder" -notalkback=1 -projectnameyysystem.qpf -projectpathC:/Users/danny/AppData/Local/Temp/alt5765_132305806265362825.dir/0018_sopclgen  --no_splash --refresh C:/Users/danny/AppData/Local/Temp/alt5765_132305806265362825.dir/0018_sopclgen/yysystem.v --quartus_dir="c:/altera/12.0sp2/quartus" --sopc_perl="c:/altera/12.0sp2/quartus/bin/perl" --sopc_lib_path="++c:/altera/12.0sp2/quartus/../ip/altera/sopc_builder_ip+c:/altera/12.0sp2/quartus/../ip/altera/nios2_ip"
Info: Finished elaborating classic module.
Executing: C:/altera/12.0sp2/quartus//sopc_builder/bin/sopc_builder --classic --generate C:/Users/danny/AppData/Local/Temp/alt5765_132305806265362825.dir/0018_sopclgen/yysystem.ptf
Info: Running sopc_builder...
"c:/altera/12.0sp2/quartus/bin/jre/bin/java.exe" -Xmx512M -classpath "c:/altera/12.0sp2/quartus/sopc_builder/bin/sopc_builder.jar;c:/altera/12.0sp2/quartus/sopc_builder/bin/PinAssigner.jar;c:/altera/12.0sp2/quartus/sopc_builder/bin/sopc_wizard.jar;c:/altera/12.0sp2/quartus/sopc_builder/bin/jptf.jar" sopc_builder.sopc_builder  -d"c:/altera/12.0sp2/quartus/sopc_builder" -notalkback=1 -projectnameyysystem.qpf -projectpathC:/Users/danny/AppData/Local/Temp/alt5765_132305806265362825.dir/0018_sopclgen  --generate C:/Users/danny/AppData/Local/Temp/alt5765_132305806265362825.dir/0018_sopclgen/yysystem.v --quartus_dir="c:/altera/12.0sp2/quartus" --sopc_perl="c:/altera/12.0sp2/quartus/bin/perl" --sopc_lib_path="++c:/altera/12.0sp2/quartus/../ip/altera/sopc_builder_ip+c:/altera/12.0sp2/quartus/../ip/altera/nios2_ip"
No .sopc_builder configuration file(!)
.
# 2013.02.28 22:29:56 (*) Success: sopc_builder finished.
Info: Switches: "nios_system" instantiated altera_avalon_pio "Switches"
Info: audio_and_video_config_0: Starting Generation of Audio and Video Config
Info: audio_and_video_config_0: "nios_system" instantiated altera_up_avalon_audio_and_video_config "audio_and_video_config_0"
Info: audio: Starting Generation of Audio Controller
Info: audio: "nios_system" instantiated altera_up_avalon_audio "audio"
Info: Starting classic module elaboration.
"c:/altera/12.0sp2/quartus/bin/jre/bin/java.exe" -Xmx512M -classpath "c:/altera/12.0sp2/quartus/sopc_builder/bin/sopc_builder.jar;c:/altera/12.0sp2/quartus/sopc_builder/bin/PinAssigner.jar;c:/altera/12.0sp2/quartus/sopc_builder/bin/sopc_wizard.jar;c:/altera/12.0sp2/quartus/sopc_builder/bin/jptf.jar" sopc_builder.sopc_builder  -d"c:/altera/12.0sp2/quartus/sopc_builder" -notalkback=1 -projectnameyysystem.qpf -projectpathC:/Users/danny/AppData/Local/Temp/alt5765_132305806265362825.dir/0021_sopclgen  --no_splash --refresh C:/Users/danny/AppData/Local/Temp/alt5765_132305806265362825.dir/0021_sopclgen/yysystem.v --quartus_dir="c:/altera/12.0sp2/quartus" --sopc_perl="c:/altera/12.0sp2/quartus/bin/perl" --sopc_lib_path="++c:/altera/12.0sp2/quartus/../ip/altera/sopc_builder_ip+c:/altera/12.0sp2/quartus/../ip/altera/nios2_ip"
Info: Finished elaborating classic module.
Executing: C:/altera/12.0sp2/quartus//sopc_builder/bin/sopc_builder --classic --generate C:/Users/danny/AppData/Local/Temp/alt5765_132305806265362825.dir/0021_sopclgen/yysystem.ptf
Info: Running sopc_builder...
"c:/altera/12.0sp2/quartus/bin/jre/bin/java.exe" -Xmx512M -classpath "c:/altera/12.0sp2/quartus/sopc_builder/bin/sopc_builder.jar;c:/altera/12.0sp2/quartus/sopc_builder/bin/PinAssigner.jar;c:/altera/12.0sp2/quartus/sopc_builder/bin/sopc_wizard.jar;c:/altera/12.0sp2/quartus/sopc_builder/bin/jptf.jar" sopc_builder.sopc_builder  -d"c:/altera/12.0sp2/quartus/sopc_builder" -notalkback=1 -projectnameyysystem.qpf -projectpathC:/Users/danny/AppData/Local/Temp/alt5765_132305806265362825.dir/0021_sopclgen  --generate C:/Users/danny/AppData/Local/Temp/alt5765_132305806265362825.dir/0021_sopclgen/yysystem.v --quartus_dir="c:/altera/12.0sp2/quartus" --sopc_perl="c:/altera/12.0sp2/quartus/bin/perl" --sopc_lib_path="++c:/altera/12.0sp2/quartus/../ip/altera/sopc_builder_ip+c:/altera/12.0sp2/quartus/../ip/altera/nios2_ip"
No .sopc_builder configuration file(!)
.
# 2013.02.28 22:30:04 (*) Success: sopc_builder finished.
Info: LEDR: "nios_system" instantiated altera_avalon_pio "LEDR"
Info: ps2_0: Starting Generation of PS2 Controller
Info: ps2_0: "nios_system" instantiated altera_up_avalon_ps2 "ps2_0"
Info: character_lcd_0: Starting Generation of Character LCD
Info: character_lcd_0: "nios_system" instantiated altera_up_avalon_character_lcd "character_lcd_0"
Info: rs232_0: Starting Generation of RS232 UART
Info: rs232_0: "nios_system" instantiated altera_up_avalon_rs232 "rs232_0"
Warning: Overwriting different file C:/Users/danny/Documents/GitHub/Project2/nios_system/synthesis/submodules/altera_up_sync_fifo.v
Info: nios2_processor_instruction_master_translator: "nios_system" instantiated altera_merlin_master_translator "nios2_processor_instruction_master_translator"
Info: nios2_processor_jtag_debug_module_translator: "nios_system" instantiated altera_merlin_slave_translator "nios2_processor_jtag_debug_module_translator"
Info: nios2_processor_instruction_master_translator_avalon_universal_master_0_agent: "nios_system" instantiated altera_merlin_master_agent "nios2_processor_instruction_master_translator_avalon_universal_master_0_agent"
Info: nios2_processor_jtag_debug_module_translator_avalon_universal_slave_0_agent: "nios_system" instantiated altera_merlin_slave_agent "nios2_processor_jtag_debug_module_translator_avalon_universal_slave_0_agent"
Info: nios2_processor_jtag_debug_module_translator_avalon_universal_slave_0_agent_rsp_fifo: "nios_system" instantiated altera_avalon_sc_fifo "nios2_processor_jtag_debug_module_translator_avalon_universal_slave_0_agent_rsp_fifo"
Info: addr_router: "nios_system" instantiated altera_merlin_router "addr_router"
Info: addr_router_001: "nios_system" instantiated altera_merlin_router "addr_router_001"
Info: addr_router_002: "nios_system" instantiated altera_merlin_router "addr_router_002"
Info: id_router: "nios_system" instantiated altera_merlin_router "id_router"
Info: id_router_001: "nios_system" instantiated altera_merlin_router "id_router_001"
Info: id_router_002: "nios_system" instantiated altera_merlin_router "id_router_002"
Info: id_router_005: "nios_system" instantiated altera_merlin_router "id_router_005"
Info: id_router_008: "nios_system" instantiated altera_merlin_router "id_router_008"
Info: limiter: "nios_system" instantiated altera_merlin_traffic_limiter "limiter"
Info: burst_adapter: "nios_system" instantiated altera_merlin_burst_adapter "burst_adapter"
Info: rst_controller: "nios_system" instantiated altera_reset_controller "rst_controller"
Info: cmd_xbar_demux: "nios_system" instantiated altera_merlin_demultiplexer "cmd_xbar_demux"
Info: cmd_xbar_demux_001: "nios_system" instantiated altera_merlin_demultiplexer "cmd_xbar_demux_001"
Info: cmd_xbar_demux_002: "nios_system" instantiated altera_merlin_demultiplexer "cmd_xbar_demux_002"
Info: cmd_xbar_mux: "nios_system" instantiated altera_merlin_multiplexer "cmd_xbar_mux"
Info: cmd_xbar_mux_001: "nios_system" instantiated altera_merlin_multiplexer "cmd_xbar_mux_001"
Info: Reusing file C:/Users/danny/Documents/GitHub/Project2/nios_system/synthesis/submodules/altera_merlin_arbitrator.sv
Info: rsp_xbar_demux: "nios_system" instantiated altera_merlin_demultiplexer "rsp_xbar_demux"
Info: rsp_xbar_demux_001: "nios_system" instantiated altera_merlin_demultiplexer "rsp_xbar_demux_001"
Info: rsp_xbar_demux_002: "nios_system" instantiated altera_merlin_demultiplexer "rsp_xbar_demux_002"
Info: rsp_xbar_demux_008: "nios_system" instantiated altera_merlin_demultiplexer "rsp_xbar_demux_008"
Info: rsp_xbar_mux: "nios_system" instantiated altera_merlin_multiplexer "rsp_xbar_mux"
Info: Reusing file C:/Users/danny/Documents/GitHub/Project2/nios_system/synthesis/submodules/altera_merlin_arbitrator.sv
Info: rsp_xbar_mux_001: "nios_system" instantiated altera_merlin_multiplexer "rsp_xbar_mux_001"
Info: Reusing file C:/Users/danny/Documents/GitHub/Project2/nios_system/synthesis/submodules/altera_merlin_arbitrator.sv
Info: width_adapter: "nios_system" instantiated altera_merlin_width_adapter "width_adapter"
Info: Reusing file C:/Users/danny/Documents/GitHub/Project2/nios_system/synthesis/submodules/altera_merlin_burst_uncompressor.sv
Info: irq_mapper: "nios_system" instantiated altera_irq_mapper "irq_mapper"
Info: nios_system: Done nios_system" with 53 modules, 297 files, 5617131 bytes
Info: ip-generate succeeded.
Info: Finished: Create HDL design files for synthesis
